<?xml version="1.0" encoding="UTF-8"?>
<!-- Generated by org.testng.reporters.JUnitReportReporter -->
<testsuite hostname="QSP" failures="0" tests="1" name="synchronization.Test0" time="17.527" errors="0" timestamp="2021-10-19T15:31:33 IST" skipped="0">
  <testcase classname="synchronization.Test0" name="tc" time="17.527"/>
  <system-out/>
</testsuite> <!-- synchronization.Test0 -->
