<?xml version="1.0" encoding="UTF-8"?>
<!-- Generated by org.testng.reporters.JUnitReportReporter -->
<testsuite hostname="QSP" failures="0" tests="1" name="actions.CompositeAction" time="46.549" errors="0" timestamp="2021-10-21T15:11:37 IST" skipped="0">
  <testcase classname="actions.CompositeAction" name="tc2" time="46.549"/>
  <system-out/>
</testsuite> <!-- actions.CompositeAction -->
