<?xml version="1.0" encoding="UTF-8"?>
<!-- Generated by org.testng.reporters.JUnitReportReporter -->
<testsuite hostname="QSP" failures="0" tests="1" name="chromeOption.Test0" time="13.123" errors="0" timestamp="2021-10-21T15:41:36 IST" skipped="0">
  <testcase classname="chromeOption.Test0" name="demo" time="13.123"/>
  <system-out/>
</testsuite> <!-- chromeOption.Test0 -->
