<?xml version="1.0" encoding="UTF-8"?>
<!-- Generated by org.testng.reporters.JUnitReportReporter -->
<testsuite hostname="QSP" failures="0" tests="1" name="actions.Draganddrop1" time="16.451" errors="0" timestamp="2021-10-21T15:19:46 IST" skipped="0">
  <testcase classname="actions.Draganddrop1" name="demo" time="16.451"/>
  <system-out/>
</testsuite> <!-- actions.Draganddrop1 -->
