<?xml version="1.0" encoding="UTF-8"?>
<!-- Generated by org.testng.reporters.JUnitReportReporter -->
<testsuite hostname="QSP" failures="0" tests="1" name="testng.Test0" time="0.040" errors="0" timestamp="2021-10-28T14:55:35 IST" skipped="0">
  <testcase classname="testng.Test0" name="createCustomer" time="0.040"/>
</testsuite> <!-- testng.Test0 -->
