<?xml version="1.0" encoding="UTF-8"?>
<!-- Generated by org.testng.reporters.JUnitReportReporter -->
<testsuite hostname="QSP" failures="0" tests="1" name="demo.Flipkart" time="25.653" errors="0" timestamp="2021-10-18T15:01:42 IST" skipped="0">
  <testcase classname="demo.Flipkart" name="demo" time="25.653"/>
  <system-out/>
</testsuite> <!-- demo.Flipkart -->
