<?xml version="1.0" encoding="UTF-8"?>
<!-- Generated by org.testng.reporters.JUnitReportReporter -->
<testsuite hostname="QSP" failures="0" tests="1" name="demo.TEst10" time="22.859" errors="0" timestamp="2021-10-18T13:24:03 IST" skipped="0">
  <testcase classname="demo.TEst10" name="tc1" time="22.859"/>
  <system-out/>
</testsuite> <!-- demo.TEst10 -->
