<?xml version="1.0" encoding="UTF-8"?>
<!-- Generated by org.testng.reporters.JUnitReportReporter -->
<testsuite hostname="QSP" failures="0" tests="1" name="webtables.Test1" time="5.062" errors="0" timestamp="2021-10-22T14:57:41 IST" skipped="0">
  <testcase classname="webtables.Test1" name="tc2" time="5.062"/>
  <system-out/>
</testsuite> <!-- webtables.Test1 -->
