<?xml version="1.0" encoding="UTF-8"?>
<!-- Generated by org.testng.reporters.JUnitReportReporter -->
<testsuite hostname="QSP" failures="0" tests="1" name="actions.Flipkartslidder" time="43.113" errors="0" timestamp="2021-10-21T14:59:50 IST" skipped="0">
  <testcase classname="actions.Flipkartslidder" name="demo" time="43.113"/>
  <system-out/>
</testsuite> <!-- actions.Flipkartslidder -->
