<?xml version="1.0" encoding="UTF-8"?>
<!-- Generated by org.testng.reporters.JUnitReportReporter -->
<testsuite hostname="QSP" failures="0" tests="1" name="demo.Test2" time="0.035" errors="0" timestamp="2021-10-13T14:37:41 IST" skipped="0">
  <testcase classname="demo.Test2" name="t3" time="0.035"/>
  <system-out>
hello Appium  </system-out>
</testsuite> <!-- demo.Test2 -->
