<?xml version="1.0" encoding="UTF-8"?>
<!-- Generated by org.testng.reporters.JUnitReportReporter -->
<testsuite hostname="QSP" failures="0" tests="1" name="javascriptExecutor.Test1" time="7.106" errors="0" timestamp="2021-10-20T15:09:30 IST" skipped="0">
  <testcase classname="javascriptExecutor.Test1" name="tc2" time="7.106"/>
  <system-out/>
</testsuite> <!-- javascriptExecutor.Test1 -->
