<?xml version="1.0" encoding="UTF-8"?>
<!-- Generated by org.testng.reporters.JUnitReportReporter -->
<testsuite hostname="QSP" failures="0" tests="1" name="actions.Slidders" time="17.258" errors="0" timestamp="2021-10-21T14:31:14 IST" skipped="0">
  <testcase classname="actions.Slidders" name="tc1" time="17.258"/>
  <system-out/>
</testsuite> <!-- actions.Slidders -->
