<?xml version="1.0" encoding="UTF-8"?>
<!-- Generated by org.testng.reporters.JUnitReportReporter -->
<testsuite hostname="QSP" failures="0" tests="1" name="webtables.Test3" time="13.046" errors="0" timestamp="2021-10-22T15:11:03 IST" skipped="0">
  <testcase classname="webtables.Test3" name="tc2" time="13.046"/>
  <system-out/>
</testsuite> <!-- webtables.Test3 -->
