<?xml version="1.0" encoding="UTF-8"?>
<!-- Generated by org.testng.reporters.JUnitReportReporter -->
<testsuite hostname="QSP" failures="0" tests="1" name="javascriptExecutor.Test2" time="21.256" errors="0" timestamp="2021-10-20T15:19:37 IST" skipped="0">
  <testcase classname="javascriptExecutor.Test2" name="demo" time="21.256"/>
  <system-out/>
</testsuite> <!-- javascriptExecutor.Test2 -->
