<?xml version="1.0" encoding="UTF-8"?>
<!-- Generated by org.testng.reporters.JUnitReportReporter -->
<testsuite hostname="QSP" failures="0" tests="1" name="webtables.Test2" time="17.190" errors="0" timestamp="2021-10-22T15:04:49 IST" skipped="0">
  <testcase classname="webtables.Test2" name="tc2" time="17.190"/>
  <system-out/>
</testsuite> <!-- webtables.Test2 -->
