<?xml version="1.0" encoding="UTF-8"?>
<!-- Generated by org.testng.reporters.JUnitReportReporter -->
<testsuite hostname="QSP" failures="0" tests="1" name="demo.Test0" time="0.046" errors="0" timestamp="2021-10-12T15:43:03 IST" skipped="0">
  <testcase classname="demo.Test0" name="t1" time="0.046"/>
  <system-out>
hello java  </system-out>
</testsuite> <!-- demo.Test0 -->
