<?xml version="1.0" encoding="UTF-8"?>
<!-- Generated by org.testng.reporters.JUnitReportReporter -->
<testsuite hostname="QSP" failures="0" tests="1" name="webtables.Test0" time="5.106" errors="0" timestamp="2021-10-22T14:52:13 IST" skipped="0">
  <testcase classname="webtables.Test0" name="tc1" time="5.106"/>
  <system-out/>
</testsuite> <!-- webtables.Test0 -->
