<?xml version="1.0" encoding="UTF-8"?>
<!-- Generated by org.testng.reporters.JUnitReportReporter -->
<testsuite hostname="QSP" failures="0" tests="1" name="testng.Testcase2" time="24.482" errors="0" timestamp="2021-10-28T15:41:42 IST" skipped="0">
  <testcase classname="testng.Testcase2" name="forgotPassword" time="24.482"/>
</testsuite> <!-- testng.Testcase2 -->
