<?xml version="1.0" encoding="UTF-8"?>
<!-- Generated by org.testng.reporters.JUnitReportReporter -->
<testsuite hostname="QSP" failures="0" tests="1" name="synchronization.Test3" time="47.943" errors="0" timestamp="2021-10-20T14:21:49 IST" skipped="0">
  <testcase classname="synchronization.Test3" name="demo" time="47.943"/>
  <system-out/>
</testsuite> <!-- synchronization.Test3 -->
