<?xml version="1.0" encoding="UTF-8"?>
<!-- Generated by org.testng.reporters.JUnitReportReporter -->
<testsuite hostname="QSP" failures="0" tests="1" name="datadriventesting.Test1" time="19.109" errors="0" timestamp="2021-10-28T14:15:23 IST" skipped="0">
  <testcase classname="datadriventesting.Test1" name="database" time="19.109"/>
  <system-out/>
</testsuite> <!-- datadriventesting.Test1 -->
