<?xml version="1.0" encoding="UTF-8"?>
<!-- Generated by org.testng.reporters.JUnitReportReporter -->
<testsuite hostname="QSP" failures="0" tests="1" name="testng.Testcase1" time="27.448" errors="0" timestamp="2021-10-28T15:41:42 IST" skipped="0">
  <testcase classname="testng.Testcase1" name="loing" time="27.448"/>
</testsuite> <!-- testng.Testcase1 -->
