<?xml version="1.0" encoding="UTF-8"?>
<!-- Generated by org.testng.reporters.JUnitReportReporter -->
<testsuite hostname="QSP" failures="0" tests="1" name="javascriptExecutor.Test0" time="64.108" errors="0" timestamp="2021-10-20T14:53:44 IST" skipped="0">
  <testcase classname="javascriptExecutor.Test0" name="tc1" time="64.108"/>
  <system-out/>
</testsuite> <!-- javascriptExecutor.Test0 -->
