<?xml version="1.0" encoding="UTF-8"?>
<!-- Generated by org.testng.reporters.JUnitReportReporter -->
<testsuite hostname="QSP" failures="0" tests="1" name="demo.Test3" time="0.003" errors="0" timestamp="2021-10-12T15:43:03 IST" skipped="0">
  <testcase classname="demo.Test3" name="t3" time="0.003"/>
  <system-out>
hello Python  </system-out>
</testsuite> <!-- demo.Test3 -->
