<?xml version="1.0" encoding="UTF-8"?>
<!-- Generated by org.testng.reporters.JUnitReportReporter -->
<testsuite hostname="QSP" failures="0" tests="1" name="webtables.Test4" time="10.118" errors="0" timestamp="2021-10-22T15:16:50 IST" skipped="0">
  <testcase classname="webtables.Test4" name="tc1" time="10.118"/>
  <system-out/>
</testsuite> <!-- webtables.Test4 -->
