<?xml version="1.0" encoding="UTF-8"?>
<!-- Generated by org.testng.reporters.JUnitReportReporter -->
<testsuite hostname="QSP" failures="0" tests="1" name="demo.Youtube" time="22.984" errors="0" timestamp="2021-10-18T15:40:57 IST" skipped="0">
  <testcase classname="demo.Youtube" name="tc2" time="22.984"/>
  <system-out/>
</testsuite> <!-- demo.Youtube -->
