<?xml version="1.0" encoding="UTF-8"?>
<!-- Generated by org.testng.reporters.JUnitReportReporter -->
<testsuite hostname="QSP" failures="0" tests="1" name="demo.Test1" time="0.032" errors="0" timestamp="2021-10-13T14:32:46 IST" skipped="0">
  <testcase classname="demo.Test1" name="t2" time="0.032"/>
  <system-out>
hello Selenium  </system-out>
</testsuite> <!-- demo.Test1 -->
