<?xml version="1.0" encoding="UTF-8"?>
<!-- Generated by org.testng.reporters.JUnitReportReporter -->
<testsuite hostname="QSP" failures="0" tests="3" name="testng.Test1" time="70.997" errors="0" timestamp="2021-10-28T15:19:48 IST" skipped="0">
  <testcase classname="testng.Test1" name="login" time="22.225"/>
  <testcase classname="testng.Test1" name="login" time="25.879"/>
  <testcase classname="testng.Test1" name="login" time="22.893"/>
</testsuite> <!-- testng.Test1 -->
