<?xml version="1.0" encoding="UTF-8"?>
<!-- Generated by org.testng.reporters.JUnitReportReporter -->
<testsuite hostname="QSP" failures="0" tests="1" name="datadriventesting.Test0" time="6.332" errors="0" timestamp="2021-10-23T16:52:45 IST" skipped="0">
  <testcase classname="datadriventesting.Test0" name="createUser" time="6.332"/>
  <system-out/>
</testsuite> <!-- datadriventesting.Test0 -->
